This is pdfTeX, Version 3.141592653-2.6-1.40.26 (TeX Live 2025/dev/Debian) (preloaded format=pdflatex 2025.8.1)  17 NOV 2025 16:30
entering extended mode
 \write18 enabled.
 %&-line parsing enabled.
**docs.tex
(./docs.tex
LaTeX2e <2024-11-01> patch level 2
L3 programming layer <2025-01-18>
(/usr/share/texlive/texmf-dist/tex/latex/base/article.cls
Document Class: article 2024/06/29 v1.4n Standard LaTeX document class
(/usr/share/texlive/texmf-dist/tex/latex/base/size10.clo
File: size10.clo 2024/06/29 v1.4n Standard LaTeX file (size option)
)
\c@part=\count196
\c@section=\count197
\c@subsection=\count198
\c@subsubsection=\count199
\c@paragraph=\count266
\c@subparagraph=\count267
\c@figure=\count268
\c@table=\count269
\abovecaptionskip=\skip49
\belowcaptionskip=\skip50
\bibindent=\dimen141
)
(/usr/share/texlive/texmf-dist/tex/latex/geometry/geometry.sty
Package: geometry 2020/01/02 v5.9 Page Geometry

(/usr/share/texlive/texmf-dist/tex/latex/graphics/keyval.sty
Package: keyval 2022/05/29 v1.15 key=value parser (DPC)
\KV@toks@=\toks17
)
(/usr/share/texlive/texmf-dist/tex/generic/iftex/ifvtex.sty
Package: ifvtex 2019/10/25 v1.7 ifvtex legacy package. Use iftex instead.

(/usr/share/texlive/texmf-dist/tex/generic/iftex/iftex.sty
Package: iftex 2024/12/12 v1.0g TeX engine tests
))
\Gm@cnth=\count270
\Gm@cntv=\count271
\c@Gm@tempcnt=\count272
\Gm@bindingoffset=\dimen142
\Gm@wd@mp=\dimen143
\Gm@odd@mp=\dimen144
\Gm@even@mp=\dimen145
\Gm@layoutwidth=\dimen146
\Gm@layoutheight=\dimen147
\Gm@layouthoffset=\dimen148
\Gm@layoutvoffset=\dimen149
\Gm@dimlist=\toks18
)
(/usr/share/texlive/texmf-dist/tex/generic/babel/babel.sty
Package: babel 2025/02/14 v25.4 The multilingual framework for pdfLaTeX, LuaLaT
eX and XeLaTeX
\babel@savecnt=\count273
\U@D=\dimen150
\l@unhyphenated=\language8

(/usr/share/texlive/texmf-dist/tex/generic/babel/txtbabel.def)
\bbl@readstream=\read2
\bbl@dirlevel=\count274

(/usr/share/texlive/texmf-dist/tex/generic/babel-german/german.ldf
Language: german 2024/12/10 v2.15 German support for babel (pre-1996 orthograph
y)

(/usr/share/texlive/texmf-dist/tex/generic/babel-german/germanb.ldf
Language: germanb 2024/12/10 v2.15 German support for babel (pre-1996 orthograp
hy)
Package babel Info: Making " an active character on input line 139.
)))
(/usr/share/texlive/texmf-dist/tex/generic/babel/locale/de/babel-german.tex
Package babel Info: Importing font and identification data for german
(babel)             from babel-de-1901.ini. Reported on input line 25.
)
(/usr/share/texlive/texmf-dist/tex/latex/listings/listings.sty
\lst@mode=\count275
\lst@gtempboxa=\box52
\lst@token=\toks19
\lst@length=\count276
\lst@currlwidth=\dimen151
\lst@column=\count277
\lst@pos=\count278
\lst@lostspace=\dimen152
\lst@width=\dimen153
\lst@newlines=\count279
\lst@lineno=\count280
\lst@maxwidth=\dimen154

(/usr/share/texlive/texmf-dist/tex/latex/listings/lstpatch.sty
File: lstpatch.sty 2024/09/23 1.10c (Carsten Heinz)
)
(/usr/share/texlive/texmf-dist/tex/latex/listings/lstmisc.sty
File: lstmisc.sty 2024/09/23 1.10c (Carsten Heinz)
\c@lstnumber=\count281
\lst@skipnumbers=\count282
\lst@framebox=\box53
)
(/usr/share/texlive/texmf-dist/tex/latex/listings/listings.cfg
File: listings.cfg 2024/09/23 1.10c listings configuration
))
Package: listings 2024/09/23 1.10c (Carsten Heinz)

(/usr/share/texlive/texmf-dist/tex/latex/graphics/color.sty
Package: color 2024/06/23 v1.3e Standard LaTeX Color (DPC)

(/usr/share/texlive/texmf-dist/tex/latex/graphics-cfg/color.cfg
File: color.cfg 2016/01/02 v1.6 sample color configuration
)
Package color Info: Driver file: pdftex.def on input line 149.

(/usr/share/texlive/texmf-dist/tex/latex/graphics-def/pdftex.def
File: pdftex.def 2024/04/13 v1.2c Graphics/color driver for pdftex
)
(/usr/share/texlive/texmf-dist/tex/latex/graphics/mathcolor.ltx))
(/usr/share/texlive/texmf-dist/tex/latex/svg/svg.sty
Package: svg 2020/11/26 v2.02k (include SVG pictures)

(/usr/share/texlive/texmf-dist/tex/latex/koma-script/scrbase.sty
Package: scrbase 2024/10/24 v3.43 KOMA-Script package (KOMA-Script-independent 
basics and keyval usage)

(/usr/share/texlive/texmf-dist/tex/latex/koma-script/scrlfile.sty
Package: scrlfile 2024/10/24 v3.43 KOMA-Script package (file load hooks)

(/usr/share/texlive/texmf-dist/tex/latex/koma-script/scrlfile-hook.sty
Package: scrlfile-hook 2024/10/24 v3.43 KOMA-Script package (using LaTeX hooks)


(/usr/share/texlive/texmf-dist/tex/latex/koma-script/scrlogo.sty
Package: scrlogo 2024/10/24 v3.43 KOMA-Script package (logo)
)))
Applying: [2021/05/01] Usage of raw or classic option list on input line 254.
Already applied: [0000/00/00] Usage of raw or classic option list on input line
 370.
)
(/usr/share/texlive/texmf-dist/tex/generic/pdftexcmds/pdftexcmds.sty
Package: pdftexcmds 2020-06-27 v0.33 Utility functions of pdfTeX for LuaTeX (HO
)

(/usr/share/texlive/texmf-dist/tex/generic/infwarerr/infwarerr.sty
Package: infwarerr 2019/12/03 v1.5 Providing info/warning/error messages (HO)
)
(/usr/share/texlive/texmf-dist/tex/generic/ltxcmds/ltxcmds.sty
Package: ltxcmds 2023-12-04 v1.26 LaTeX kernel commands for general use (HO)
)
Package pdftexcmds Info: \pdf@primitive is available.
Package pdftexcmds Info: \pdf@ifprimitive is available.
Package pdftexcmds Info: \pdfdraftmode found.
)
(/usr/share/texlive/texmf-dist/tex/latex/trimspaces/trimspaces.sty
Package: trimspaces 2009/09/17 v1.1 Trim spaces around a token list
)
(/usr/share/texlive/texmf-dist/tex/latex/graphics/graphicx.sty
Package: graphicx 2021/09/16 v1.2d Enhanced LaTeX Graphics (DPC,SPQR)

(/usr/share/texlive/texmf-dist/tex/latex/graphics/graphics.sty
Package: graphics 2024/08/06 v1.4g Standard LaTeX Graphics (DPC,SPQR)

(/usr/share/texlive/texmf-dist/tex/latex/graphics/trig.sty
Package: trig 2023/12/02 v1.11 sin cos tan (DPC)
)
(/usr/share/texlive/texmf-dist/tex/latex/graphics-cfg/graphics.cfg
File: graphics.cfg 2016/06/04 v1.11 sample graphics configuration
)
Package graphics Info: Driver file: pdftex.def on input line 106.
)
\Gin@req@height=\dimen155
\Gin@req@width=\dimen156
)
(/usr/share/texlive/texmf-dist/tex/latex/tools/shellesc.sty
Package: shellesc 2023/07/08 v1.0d unified shell escape interface for LaTeX
Package shellesc Info: Unrestricted shell escape enabled on input line 75.
)
(/usr/share/texlive/texmf-dist/tex/latex/ifplatform/ifplatform.sty
Package: ifplatform 2017/10/13 v0.4a Testing for the operating system

(/usr/share/texlive/texmf-dist/tex/generic/catchfile/catchfile.sty
Package: catchfile 2019/12/09 v1.8 Catch the contents of a file (HO)

(/usr/share/texlive/texmf-dist/tex/generic/etexcmds/etexcmds.sty
Package: etexcmds 2019/12/15 v1.7 Avoid name clashes with e-TeX commands (HO)
))
(/usr/share/texlive/texmf-dist/tex/generic/iftex/ifluatex.sty
Package: ifluatex 2019/10/25 v1.5 ifluatex legacy package. Use iftex instead.
)
runsystem(uname -s > "docs.w18")...executed.

 (./docs.w18)
runsystem(rm -- "docs.w18")...executed.

)
\c@svg@param@lastpage=\count283
\svg@box=\box54
\c@svg@param@currpage=\count284
)
(/usr/share/texlive/texmf-dist/tex/latex/xcolor/xcolor.sty
Package: xcolor 2024/09/29 v3.02 LaTeX color extensions (UK)

(/usr/share/texlive/texmf-dist/tex/latex/graphics-cfg/color.cfg
File: color.cfg 2016/01/02 v1.6 sample color configuration
)
Package xcolor Info: Driver file: pdftex.def on input line 274.
LaTeX Info: Redefining \color on input line 762.

(/usr/share/texlive/texmf-dist/tex/latex/graphics/mathcolor.ltx)
Package xcolor Info: Model `cmy' substituted by `cmy0' on input line 1349.
Package xcolor Info: Model `hsb' substituted by `rgb' on input line 1353.
Package xcolor Info: Model `RGB' extended on input line 1365.
Package xcolor Info: Model `HTML' substituted by `rgb' on input line 1367.
Package xcolor Info: Model `Hsb' substituted by `hsb' on input line 1368.
Package xcolor Info: Model `tHsb' substituted by `hsb' on input line 1369.
Package xcolor Info: Model `HSB' substituted by `hsb' on input line 1370.
Package xcolor Info: Model `Gray' substituted by `gray' on input line 1371.
Package xcolor Info: Model `wave' substituted by `hsb' on input line 1372.
)
(/usr/share/texlive/texmf-dist/tex/latex/transparent/transparent.sty
Package: transparent 2022-10-27 v1.5 Transparency with color stacks

(/usr/share/texlive/texmf-dist/tex/latex/transparent/transparent-nometadata.sty
Package: transparent-nometadata 2022-10-27 v1.5 Transparency via pdfTeX's color
 stack (HO)
(/usr/share/texlive/texmf-dist/tex/latex/auxhook/auxhook.sty
Package: auxhook 2019-12-17 v1.6 Hooks for auxiliary files (HO)
)))
(/usr/share/texlive/texmf-dist/tex/latex/pgf/systemlayer/pgfsys.sty
(/usr/share/texlive/texmf-dist/tex/latex/pgf/utilities/pgfrcs.sty
(/usr/share/texlive/texmf-dist/tex/generic/pgf/utilities/pgfutil-common.tex
\pgfutil@everybye=\toks20
\pgfutil@tempdima=\dimen157
\pgfutil@tempdimb=\dimen158
)
(/usr/share/texlive/texmf-dist/tex/generic/pgf/utilities/pgfutil-latex.def
\pgfutil@abb=\box55
)
(/usr/share/texlive/texmf-dist/tex/generic/pgf/utilities/pgfrcs.code.tex
(/usr/share/texlive/texmf-dist/tex/generic/pgf/pgf.revision.tex)
Package: pgfrcs 2023-01-15 v3.1.10 (3.1.10)
))
(/usr/share/texlive/texmf-dist/tex/generic/pgf/systemlayer/pgfsys.code.tex
Package: pgfsys 2023-01-15 v3.1.10 (3.1.10)

(/usr/share/texlive/texmf-dist/tex/generic/pgf/utilities/pgfkeys.code.tex
\pgfkeys@pathtoks=\toks21
\pgfkeys@temptoks=\toks22

(/usr/share/texlive/texmf-dist/tex/generic/pgf/utilities/pgfkeyslibraryfiltered
.code.tex
\pgfkeys@tmptoks=\toks23
))
\pgf@x=\dimen159
\pgf@y=\dimen160
\pgf@xa=\dimen161
\pgf@ya=\dimen162
\pgf@xb=\dimen163
\pgf@yb=\dimen164
\pgf@xc=\dimen165
\pgf@yc=\dimen166
\pgf@xd=\dimen167
\pgf@yd=\dimen168
\w@pgf@writea=\write3
\r@pgf@reada=\read3
\c@pgf@counta=\count285
\c@pgf@countb=\count286
\c@pgf@countc=\count287
\c@pgf@countd=\count288
\t@pgf@toka=\toks24
\t@pgf@tokb=\toks25
\t@pgf@tokc=\toks26
\pgf@sys@id@count=\count289
 (/usr/share/texlive/texmf-dist/tex/generic/pgf/systemlayer/pgf.cfg
File: pgf.cfg 2023-01-15 v3.1.10 (3.1.10)
)
Driver file for pgf: pgfsys-pdftex.def
(/usr/share/texlive/texmf-dist/tex/generic/pgf/systemlayer/pgfsys-pdftex.def
File: pgfsys-pdftex.def 2023-01-15 v3.1.10 (3.1.10)

(/usr/share/texlive/texmf-dist/tex/generic/pgf/systemlayer/pgfsys-common-pdf.de
f
File: pgfsys-common-pdf.def 2023-01-15 v3.1.10 (3.1.10)
)))
(/usr/share/texlive/texmf-dist/tex/generic/pgf/systemlayer/pgfsyssoftpath.code.
tex
File: pgfsyssoftpath.code.tex 2023-01-15 v3.1.10 (3.1.10)
\pgfsyssoftpath@smallbuffer@items=\count290
\pgfsyssoftpath@bigbuffer@items=\count291
)
(/usr/share/texlive/texmf-dist/tex/generic/pgf/systemlayer/pgfsysprotocol.code.
tex
File: pgfsysprotocol.code.tex 2023-01-15 v3.1.10 (3.1.10)
)) (/usr/share/texlive/texmf-dist/tex/latex/tools/multicol.sty
Package: multicol 2024/09/14 v1.9i multicolumn formatting (FMi)
\c@tracingmulticols=\count292
\mult@box=\box56
\multicol@leftmargin=\dimen169
\c@unbalance=\count293
\c@collectmore=\count294
\doublecol@number=\count295
\multicoltolerance=\count296
\multicolpretolerance=\count297
\full@width=\dimen170
\page@free=\dimen171
\premulticols=\dimen172
\postmulticols=\dimen173
\multicolsep=\skip51
\multicolbaselineskip=\skip52
\partial@page=\box57
\last@line=\box58
\mc@boxedresult=\box59
\maxbalancingoverflow=\dimen174
\mult@rightbox=\box60
\mult@grightbox=\box61
\mult@firstbox=\box62
\mult@gfirstbox=\box63
\@tempa=\box64
\@tempa=\box65
\@tempa=\box66
\@tempa=\box67
\@tempa=\box68
\@tempa=\box69
\@tempa=\box70
\@tempa=\box71
\@tempa=\box72
\@tempa=\box73
\@tempa=\box74
\@tempa=\box75
\@tempa=\box76
\@tempa=\box77
\@tempa=\box78
\@tempa=\box79
\@tempa=\box80
\@tempa=\box81
\@tempa=\box82
\@tempa=\box83
\@tempa=\box84
\@tempa=\box85
\@tempa=\box86
\@tempa=\box87
\@tempa=\box88
\@tempa=\box89
\@tempa=\box90
\@tempa=\box91
\@tempa=\box92
\@tempa=\box93
\@tempa=\box94
\@tempa=\box95
\@tempa=\box96
\@tempa=\box97
\@tempa=\box98
\@tempa=\box99
\c@minrows=\count298
\c@columnbadness=\count299
\c@finalcolumnbadness=\count300
\last@try=\dimen175
\multicolovershoot=\dimen176
\multicolundershoot=\dimen177
\mult@nat@firstbox=\box100
\colbreak@box=\box101
\mc@col@check@num=\count301
)
(/usr/share/texlive/texmf-dist/tex/latex/l3backend/l3backend-pdftex.def
File: l3backend-pdftex.def 2024-05-08 L3 backend support: PDF output (pdfTeX)
\l__color_backend_stack_int=\count302
\l__pdf_internal_box=\box102
)
(./docs.aux)
\openout1 = `docs.aux'.

LaTeX Font Info:    Checking defaults for OML/cmm/m/it on input line 33.
LaTeX Font Info:    ... okay on input line 33.
LaTeX Font Info:    Checking defaults for OMS/cmsy/m/n on input line 33.
LaTeX Font Info:    ... okay on input line 33.
LaTeX Font Info:    Checking defaults for OT1/cmr/m/n on input line 33.
LaTeX Font Info:    ... okay on input line 33.
LaTeX Font Info:    Checking defaults for T1/cmr/m/n on input line 33.
LaTeX Font Info:    ... okay on input line 33.
LaTeX Font Info:    Checking defaults for TS1/cmr/m/n on input line 33.
LaTeX Font Info:    ... okay on input line 33.
LaTeX Font Info:    Checking defaults for OMX/cmex/m/n on input line 33.
LaTeX Font Info:    ... okay on input line 33.
LaTeX Font Info:    Checking defaults for U/cmr/m/n on input line 33.
LaTeX Font Info:    ... okay on input line 33.

*geometry* driver: auto-detecting
*geometry* detected driver: pdftex
*geometry* verbose mode - [ preamble ] result:
* driver: pdftex
* paper: a4paper
* layout: <same size as paper>
* layoutoffset:(h,v)=(0.0pt,0.0pt)
* modes: 
* h-part:(L,W,R)=(56.9055pt, 483.69687pt, 56.9055pt)
* v-part:(T,H,B)=(56.9055pt, 731.23584pt, 56.9055pt)
* \paperwidth=597.50787pt
* \paperheight=845.04684pt
* \textwidth=483.69687pt
* \textheight=731.23584pt
* \oddsidemargin=-15.36449pt
* \evensidemargin=-15.36449pt
* \topmargin=-52.36449pt
* \headheight=12.0pt
* \headsep=25.0pt
* \topskip=10.0pt
* \footskip=30.0pt
* \marginparwidth=57.0pt
* \marginparsep=11.0pt
* \columnsep=10.0pt
* \skip\footins=9.0pt plus 4.0pt minus 2.0pt
* \hoffset=0.0pt
* \voffset=0.0pt
* \mag=1000
* \@twocolumnfalse
* \@twosidefalse
* \@mparswitchfalse
* \@reversemarginfalse
* (1in=72.27pt=25.4mm, 1cm=28.453pt)

\c@lstlisting=\count303
(/usr/share/texlive/texmf-dist/tex/context/base/mkii/supp-pdf.mkii
[Loading MPS to PDF converter (version 2006.09.02).]
\scratchcounter=\count304
\scratchdimen=\dimen178
\scratchbox=\box103
\nofMPsegments=\count305
\nofMParguments=\count306
\everyMPshowfont=\toks27
\MPscratchCnt=\count307
\MPscratchDim=\dimen179
\MPnumerator=\count308
\makeMPintoPDFobject=\count309
\everyMPtoPDFconversion=\toks28
) (/usr/share/texlive/texmf-dist/tex/latex/epstopdf-pkg/epstopdf-base.sty
Package: epstopdf-base 2020-01-24 v2.11 Base part for package epstopdf
Package epstopdf-base Info: Redefining graphics rule for `.eps' on input line 4
85.

(/usr/share/texlive/texmf-dist/tex/latex/latexconfig/epstopdf-sys.cfg
File: epstopdf-sys.cfg 2010/07/13 v1.3 Configuration of (r)epstopdf for TeX Liv
e
))
LaTeX Font Info:    External font `cmex10' loaded for size
(Font)              <12> on input line 34.
LaTeX Font Info:    External font `cmex10' loaded for size
(Font)              <8> on input line 34.
LaTeX Font Info:    External font `cmex10' loaded for size
(Font)              <6> on input line 34.

(./docs.toc
LaTeX Font Info:    External font `cmex10' loaded for size
(Font)              <7> on input line 3.
LaTeX Font Info:    External font `cmex10' loaded for size
(Font)              <5> on input line 3.
)
\tf@toc=\write4
\openout4 = `docs.toc'.

 (/usr/share/texlive/texmf-dist/tex/latex/listings/lstlang1.sty
File: lstlang1.sty 2024/09/23 1.10c listings language file
)
Package svg Info: Last page of `./svg-inkscape/eig01_svg-tex.pdf' is 1 on input
 line 46.

(./svg-inkscape/eig01_svg-tex.pdf_tex
<./svg-inkscape/eig01_svg-tex.pdf, id=5, page=1, 342.32222pt x 228.5112pt>
File: ./svg-inkscape/eig01_svg-tex.pdf Graphic file (type pdf)
<use ./svg-inkscape/eig01_svg-tex.pdf, page 1>
Package pdftex.def Info: ./svg-inkscape/eig01_svg-tex.pdf , page1 used on input
 line 56.
(pdftex.def)             Requested size: 483.69687pt x 322.89119pt.
)

[1

{/var/lib/texmf/fonts/map/pdftex/updmap/pdftex.map}]

[2 <./svg-inkscape/eig01_svg-tex.pdf>]
(/usr/share/texlive/texmf-dist/tex/latex/listings/lstlang1.sty
File: lstlang1.sty 2024/09/23 1.10c listings language file
)
(/usr/share/texlive/texmf-dist/tex/latex/listings/lstmisc.sty
File: lstmisc.sty 2024/09/23 1.10c (Carsten Heinz)
)
LaTeX Font Info:    Trying to load font information for OML+cmr on input line 9
5.

(/usr/share/texlive/texmf-dist/tex/latex/base/omlcmr.fd
File: omlcmr.fd 2024/11/19 v2.5n Standard LaTeX font definitions
)
LaTeX Font Info:    Font shape `OML/cmr/m/n' in size <10> not available
(Font)              Font shape `OML/cmm/m/it' tried instead on input line 95.


[3]
Package svg Info: Last page of `./svg-inkscape/01_svg-tex.pdf' is 1 on input li
ne 123.
 (./svg-inkscape/01_svg-tex.pdf_tex
<./svg-inkscape/01_svg-tex.pdf, id=31, page=1, 456.13326pt x 228.5112pt>
File: ./svg-inkscape/01_svg-tex.pdf Graphic file (type pdf)
<use ./svg-inkscape/01_svg-tex.pdf, page 1>
Package pdftex.def Info: ./svg-inkscape/01_svg-tex.pdf , page1 used on input li
ne 56.
(pdftex.def)             Requested size: 236.84843pt x 118.65564pt.
)
Package svg Info: Last page of `./svg-inkscape/02_svg-tex.pdf' is 1 on input li
ne 127.
 (./svg-inkscape/02_svg-tex.pdf_tex
<./svg-inkscape/02_svg-tex.pdf, id=33, page=1, 143.15292pt x 171.60568pt>
File: ./svg-inkscape/02_svg-tex.pdf Graphic file (type pdf)
<use ./svg-inkscape/02_svg-tex.pdf, page 1>
Package pdftex.def Info: ./svg-inkscape/02_svg-tex.pdf , page1 used on input li
ne 56.
(pdftex.def)             Requested size: 236.84843pt x 283.94626pt.
)
Package svg Info: Last page of `./svg-inkscape/03_svg-tex.pdf' is 1 on input li
ne 131.

(./svg-inkscape/03_svg-tex.pdf_tex
<./svg-inkscape/03_svg-tex.pdf, id=35, page=1, 143.15292pt x 228.5112pt>
File: ./svg-inkscape/03_svg-tex.pdf Graphic file (type pdf)
<use ./svg-inkscape/03_svg-tex.pdf, page 1>
Package pdftex.def Info: ./svg-inkscape/03_svg-tex.pdf , page1 used on input li
ne 56.
(pdftex.def)             Requested size: 236.84843pt x 378.1046pt.
)
Package svg Info: Last page of `./svg-inkscape/04_svg-tex.pdf' is 1 on input li
ne 135.
 (./svg-inkscape/04_svg-tex.pdf_tex
<./svg-inkscape/04_svg-tex.pdf, id=37, page=1, 171.60568pt x 171.60568pt>
File: ./svg-inkscape/04_svg-tex.pdf Graphic file (type pdf)
<use ./svg-inkscape/04_svg-tex.pdf, page 1>
Package pdftex.def Info: ./svg-inkscape/04_svg-tex.pdf , page1 used on input li
ne 56.
(pdftex.def)             Requested size: 236.84843pt x 236.86322pt.
)
[4 <./svg-inkscape/01_svg-tex.pdf> <./svg-inkscape/02_svg-tex.pdf

pdfTeX warning: /usr/bin/pdflatex (file ./svg-inkscape/02_svg-tex.pdf): PDF inc
lusion: multiple pdfs with page group included in a single page
> <./svg-inkscape/03_svg-tex.pdf

pdfTeX warning: /usr/bin/pdflatex (file ./svg-inkscape/03_svg-tex.pdf): PDF inc
lusion: multiple pdfs with page group included in a single page
>]
Package svg Info: Last page of `./svg-inkscape/05_svg-tex.pdf' is 1 on input li
ne 139.
 (./svg-inkscape/05_svg-tex.pdf_tex
<./svg-inkscape/05_svg-tex.pdf, id=46, page=1, 256.96396pt x 171.60568pt>
File: ./svg-inkscape/05_svg-tex.pdf Graphic file (type pdf)
<use ./svg-inkscape/05_svg-tex.pdf, page 1>
Package pdftex.def Info: ./svg-inkscape/05_svg-tex.pdf , page1 used on input li
ne 56.
(pdftex.def)             Requested size: 236.84843pt x 158.17764pt.
)
Package svg Info: Last page of `./svg-inkscape/06_svg-tex.pdf' is 1 on input li
ne 143.
 (./svg-inkscape/06_svg-tex.pdf_tex
<./svg-inkscape/06_svg-tex.pdf, id=48, page=1, 342.32222pt x 228.5112pt>
File: ./svg-inkscape/06_svg-tex.pdf Graphic file (type pdf)
<use ./svg-inkscape/06_svg-tex.pdf, page 1>
Package pdftex.def Info: ./svg-inkscape/06_svg-tex.pdf , page1 used on input li
ne 56.
(pdftex.def)             Requested size: 236.84843pt x 158.10524pt.
)
Package svg Info: Last page of `./svg-inkscape/07_svg-tex.pdf' is 1 on input li
ne 147.

(./svg-inkscape/07_svg-tex.pdf_tex
<./svg-inkscape/07_svg-tex.pdf, id=50, page=1, 256.96396pt x 342.32222pt>
File: ./svg-inkscape/07_svg-tex.pdf Graphic file (type pdf)
<use ./svg-inkscape/07_svg-tex.pdf, page 1>
Package pdftex.def Info: ./svg-inkscape/07_svg-tex.pdf , page1 used on input li
ne 56.
(pdftex.def)             Requested size: 236.84843pt x 315.53572pt.
)
Package svg Info: Last page of `./svg-inkscape/11_svg-tex.pdf' is 1 on input li
ne 151.
 (./svg-inkscape/11_svg-tex.pdf_tex
<./svg-inkscape/11_svg-tex.pdf, id=52, page=1, 370.77498pt x 342.32222pt>
File: ./svg-inkscape/11_svg-tex.pdf Graphic file (type pdf)
<use ./svg-inkscape/11_svg-tex.pdf, page 1>
Package pdftex.def Info: ./svg-inkscape/11_svg-tex.pdf , page1 used on input li
ne 56.
(pdftex.def)             Requested size: 236.84843pt x 218.67282pt.
)
Package svg Info: Last page of `./svg-inkscape/08_svg-tex.pdf' is 1 on input li
ne 156.

(./svg-inkscape/08_svg-tex.pdf_tex
<./svg-inkscape/08_svg-tex.pdf, id=54, page=1, 598.39705pt x 228.5112pt>
File: ./svg-inkscape/08_svg-tex.pdf Graphic file (type pdf)
<use ./svg-inkscape/08_svg-tex.pdf, page 1>
Package pdftex.def Info: ./svg-inkscape/08_svg-tex.pdf , page1 used on input li
ne 56.
(pdftex.def)             Requested size: 483.69687pt x 184.71646pt.
)

[5 <./svg-inkscape/04_svg-tex.pdf> <./svg-inkscape/05_svg-tex.pdf

pdfTeX warning: /usr/bin/pdflatex (file ./svg-inkscape/05_svg-tex.pdf): PDF inc
lusion: multiple pdfs with page group included in a single page
> <./svg-inkscape/06_svg-tex.pdf

pdfTeX warning: /usr/bin/pdflatex (file ./svg-inkscape/06_svg-tex.pdf): PDF inc
lusion: multiple pdfs with page group included in a single page
> <./svg-inkscape/07_svg-tex.pdf

pdfTeX warning: /usr/bin/pdflatex (file ./svg-inkscape/07_svg-tex.pdf): PDF inc
lusion: multiple pdfs with page group included in a single page
> <./svg-inkscape/11_svg-tex.pdf

pdfTeX warning: /usr/bin/pdflatex (file ./svg-inkscape/11_svg-tex.pdf): PDF inc
lusion: multiple pdfs with page group included in a single page
>]
Package svg Info: Last page of `./svg-inkscape/09_svg-tex.pdf' is 1 on input li
ne 160.
 (./svg-inkscape/09_svg-tex.pdf_tex
<./svg-inkscape/09_svg-tex.pdf, id=65, page=1, 541.49152pt x 228.5112pt>
File: ./svg-inkscape/09_svg-tex.pdf Graphic file (type pdf)
<use ./svg-inkscape/09_svg-tex.pdf, page 1>
Package pdftex.def Info: ./svg-inkscape/09_svg-tex.pdf , page1 used on input li
ne 56.
(pdftex.def)             Requested size: 483.69687pt x 204.12746pt.
)
Package svg Info: Last page of `./svg-inkscape/10_svg-tex.pdf' is 1 on input li
ne 164.
 (./svg-inkscape/10_svg-tex.pdf_tex
<./svg-inkscape/10_svg-tex.pdf, id=67, page=1, 1110.54657pt x 228.5112pt>
File: ./svg-inkscape/10_svg-tex.pdf Graphic file (type pdf)
<use ./svg-inkscape/10_svg-tex.pdf, page 1>
Package pdftex.def Info: ./svg-inkscape/10_svg-tex.pdf , page1 used on input li
ne 56.
(pdftex.def)             Requested size: 483.69687pt x 99.52708pt.
)
Package svg Info: Last page of `./svg-inkscape/12_svg-tex.pdf' is 1 on input li
ne 168.

(./svg-inkscape/12_svg-tex.pdf_tex
<./svg-inkscape/12_svg-tex.pdf, id=69, page=1, 1082.09384pt x 228.5112pt>
File: ./svg-inkscape/12_svg-tex.pdf Graphic file (type pdf)
<use ./svg-inkscape/12_svg-tex.pdf, page 1>
Package pdftex.def Info: ./svg-inkscape/12_svg-tex.pdf , page1 used on input li
ne 56.
(pdftex.def)             Requested size: 483.69687pt x 102.14566pt.
)
Package svg Info: Last page of `./svg-inkscape/13_svg-tex.pdf' is 1 on input li
ne 172.
 (./svg-inkscape/13_svg-tex.pdf_tex
<./svg-inkscape/13_svg-tex.pdf, id=71, page=1, 2049.48755pt x 285.41672pt>
File: ./svg-inkscape/13_svg-tex.pdf Graphic file (type pdf)
<use ./svg-inkscape/13_svg-tex.pdf, page 1>
Package pdftex.def Info: ./svg-inkscape/13_svg-tex.pdf , page1 used on input li
ne 56.
(pdftex.def)             Requested size: 483.69687pt x 67.36037pt.
)

[6 <./svg-inkscape/08_svg-tex.pdf> <./svg-inkscape/09_svg-tex.pdf

pdfTeX warning: /usr/bin/pdflatex (file ./svg-inkscape/09_svg-tex.pdf): PDF inc
lusion: multiple pdfs with page group included in a single page
> <./svg-inkscape/10_svg-tex.pdf

pdfTeX warning: /usr/bin/pdflatex (file ./svg-inkscape/10_svg-tex.pdf): PDF inc
lusion: multiple pdfs with page group included in a single page
> <./svg-inkscape/12_svg-tex.pdf

pdfTeX warning: /usr/bin/pdflatex (file ./svg-inkscape/12_svg-tex.pdf): PDF inc
lusion: multiple pdfs with page group included in a single page
>]
Package svg Info: Last page of `./svg-inkscape/14_svg-tex.pdf' is 1 on input li
ne 176.
 (./svg-inkscape/14_svg-tex.pdf_tex
<./svg-inkscape/14_svg-tex.pdf, id=81, page=1, 712.20804pt x 228.5112pt>
File: ./svg-inkscape/14_svg-tex.pdf Graphic file (type pdf)
<use ./svg-inkscape/14_svg-tex.pdf, page 1>
Package pdftex.def Info: ./svg-inkscape/14_svg-tex.pdf , page1 used on input li
ne 56.
(pdftex.def)             Requested size: 483.69687pt x 155.19725pt.
)
Package svg Info: Last page of `./svg-inkscape/15_svg-tex.pdf' is 1 on input li
ne 180.
 (./svg-inkscape/15_svg-tex.pdf_tex
<./svg-inkscape/15_svg-tex.pdf, id=83, page=1, 399.22772pt x 228.5112pt>
File: ./svg-inkscape/15_svg-tex.pdf Graphic file (type pdf)
<use ./svg-inkscape/15_svg-tex.pdf, page 1>
Package pdftex.def Info: ./svg-inkscape/15_svg-tex.pdf , page1 used on input li
ne 56.
(pdftex.def)             Requested size: 483.69687pt x 276.862pt.
)

[7 <./svg-inkscape/13_svg-tex.pdf> <./svg-inkscape/14_svg-tex.pdf

pdfTeX warning: /usr/bin/pdflatex (file ./svg-inkscape/14_svg-tex.pdf): PDF inc
lusion: multiple pdfs with page group included in a single page
> <./svg-inkscape/15_svg-tex.pdf

pdfTeX warning: /usr/bin/pdflatex (file ./svg-inkscape/15_svg-tex.pdf): PDF inc
lusion: multiple pdfs with page group included in a single page
>]
LaTeX Font Info:    Trying to load font information for OMS+cmr on input line 1
95.
 (/usr/share/texlive/texmf-dist/tex/latex/base/omscmr.fd
File: omscmr.fd 2024/11/19 v2.5n Standard LaTeX font definitions
)
LaTeX Font Info:    Font shape `OMS/cmr/m/n' in size <10> not available
(Font)              Font shape `OMS/cmsy/m/n' tried instead on input line 195.


[8]

[9] (./docs.aux)
 ***********
LaTeX2e <2024-11-01> patch level 2
L3 programming layer <2025-01-18>
 ***********
 ) 
Here is how much of TeX's memory you used:
 8285 strings out of 475125
 149980 string characters out of 5764131
 1347836 words of memory out of 5000000
 31094 multiletter control sequences out of 15000+600000
 563773 words of font info for 52 fonts, out of 8000000 for 9000
 14 hyphenation exceptions out of 8191
 94i,14n,93p,1094b,1697s stack positions out of 10000i,1000n,20000p,200000b,200000s
 </home/luna/.texlive2025/texmf-var/fonts/pk/ljfour/jknappen/ec/tcrm1000.600p
k></usr/share/texlive/texmf-dist/fonts/type1/public/amsfonts/cm/cmbx10.pfb></us
r/share/texlive/texmf-dist/fonts/type1/public/amsfonts/cm/cmbx12.pfb></usr/shar
e/texlive/texmf-dist/fonts/type1/public/amsfonts/cm/cmmi10.pfb></usr/share/texl
ive/texmf-dist/fonts/type1/public/amsfonts/cm/cmr10.pfb></usr/share/texlive/tex
mf-dist/fonts/type1/public/amsfonts/cm/cmr12.pfb></usr/share/texlive/texmf-dist
/fonts/type1/public/amsfonts/cm/cmr17.pfb></usr/share/texlive/texmf-dist/fonts/
type1/public/amsfonts/cm/cmr7.pfb></usr/share/texlive/texmf-dist/fonts/type1/pu
blic/amsfonts/cm/cmsy10.pfb></usr/share/texlive/texmf-dist/fonts/type1/public/a
msfonts/cm/cmsy7.pfb></usr/share/texlive/texmf-dist/fonts/type1/public/amsfonts
/cm/cmti10.pfb>
Output written on docs.pdf (9 pages, 242896 bytes).
PDF statistics:
 147 PDF objects out of 1000 (max. 8388607)
 80 compressed objects within 1 object stream
 0 named destinations out of 1000 (max. 500000)
 173 words of extra memory for PDF output out of 10000 (max. 10000000)

